{"C:\\E\\Unorganized\\InvestmentDashboard\\InvestmentDashboardFrontend\\src\\App.js": {"path":"C:\\E\\Unorganized\\InvestmentDashboard\\InvestmentDashboardFrontend\\src\\App.js","statementMap":{"0":{"start":{"line":1,"column":0},"end":{"line":null,"column":-1}},"1":{"start":{"line":2,"column":0},"end":{"line":null,"column":-1}},"2":{"start":{"line":3,"column":0},"end":{"line":null,"column":-1}},"3":{"start":{"line":9,"column":12},"end":{"line":9,"column":0}},"4":{"start":{"line":10,"column":2},"end":{"line":null,"column":-1}}},"fnMap":{"0":{"name":"(anonymous_0)","decl":{"start":{"line":9,"column":12},"end":{"line":9,"column":13}},"loc":{"start":{"line":9,"column":27},"end":{"line":9,"column":0}}}},"branchMap":{},"s":{"0":0,"1":0,"2":0,"3":0,"4":0},"f":{"0":0},"b":{}}
,"C:\\E\\Unorganized\\InvestmentDashboard\\InvestmentDashboardFrontend\\src\\index.js": {"path":"C:\\E\\Unorganized\\InvestmentDashboard\\InvestmentDashboardFrontend\\src\\index.js","statementMap":{"0":{"start":{"line":1,"column":0},"end":{"line":null,"column":-1}},"1":{"start":{"line":2,"column":0},"end":{"line":null,"column":-1}},"2":{"start":{"line":3,"column":0},"end":{"line":null,"column":-1}},"3":{"start":{"line":4,"column":0},"end":{"line":null,"column":-1}},"4":{"start":{"line":5,"column":0},"end":{"line":null,"column":-1}},"5":{"start":{"line":6,"column":0},"end":{"line":null,"column":-1}},"6":{"start":{"line":7,"column":0},"end":{"line":null,"column":-1}},"7":{"start":{"line":8,"column":0},"end":{"line":null,"column":-1}},"8":{"start":{"line":9,"column":0},"end":{"line":null,"column":-1}},"9":{"start":{"line":10,"column":0},"end":{"line":null,"column":-1}},"10":{"start":{"line":11,"column":0},"end":{"line":null,"column":-1}},"11":{"start":{"line":12,"column":0},"end":{"line":null,"column":-1}},"12":{"start":{"line":14,"column":16},"end":{"line":14,"column":0}},"13":{"start":{"line":15,"column":24},"end":{"line":15,"column":0}},"14":{"start":{"line":16,"column":21},"end":{"line":16,"column":0}},"15":{"start":{"line":17,"column":23},"end":{"line":17,"column":0}},"16":{"start":{"line":22,"column":21},"end":{"line":22,"column":7}},"17":{"start":{"line":32,"column":0},"end":{"line":null,"column":-1}},"18":{"start":{"line":37,"column":15},"end":{"line":37,"column":0}},"19":{"start":{"line":38,"column":2},"end":{"line":null,"column":-1}},"20":{"start":{"line":48,"column":0},"end":{"line":48,"column":6}}},"fnMap":{"0":{"name":"(anonymous_0)","decl":{"start":{"line":37,"column":15},"end":{"line":37,"column":20}},"loc":{"start":{"line":37,"column":21},"end":{"line":37,"column":0}}}},"branchMap":{"0":{"loc":{"start":{"line":15,"column":24},"end":{"line":15,"column":23}},"type":"binary-expr","locations":[{"start":{"line":15,"column":24},"end":{"line":15,"column":23}},{"start":{"line":15,"column":71},"end":{"line":15,"column":0}}]}},"s":{"0":0,"1":0,"2":0,"3":0,"4":0,"5":0,"6":0,"7":0,"8":0,"9":0,"10":0,"11":0,"12":0,"13":0,"14":0,"15":0,"16":0,"17":0,"18":0,"19":0,"20":0},"f":{"0":0},"b":{"0":[0,0]}}
,"C:\\E\\Unorganized\\InvestmentDashboard\\InvestmentDashboardFrontend\\src\\actions\\actionTypes.js": {"path":"C:\\E\\Unorganized\\InvestmentDashboard\\InvestmentDashboardFrontend\\src\\actions\\actionTypes.js","statementMap":{"0":{"start":{"line":1,"column":36},"end":{"line":1,"column":58}},"1":{"start":{"line":2,"column":44},"end":{"line":2,"column":74}},"2":{"start":{"line":3,"column":44},"end":{"line":3,"column":74}},"3":{"start":{"line":4,"column":43},"end":{"line":4,"column":72}}},"fnMap":{},"branchMap":{},"s":{"0":3,"1":3,"2":3,"3":3},"f":{},"b":{},"_coverageSchema":"332fd63041d2c1bcb487cc26dd0d5f7d97098a6c","hash":"12b0c399a9d2425482471a9e1619b94b7233f807"}
,"C:\\E\\Unorganized\\InvestmentDashboard\\InvestmentDashboardFrontend\\src\\actions\\investmentDataActions.js": {"path":"C:\\E\\Unorganized\\InvestmentDashboard\\InvestmentDashboardFrontend\\src\\actions\\investmentDataActions.js","statementMap":{"0":{"start":{"line":12,"column":2},"end":{"line":15,"column":3}},"1":{"start":{"line":23,"column":2},"end":{"line":28,"column":3}},"2":{"start":{"line":37,"column":2},"end":{"line":40,"column":3}},"3":{"start":{"line":48,"column":2},"end":{"line":53,"column":3}}},"fnMap":{"0":{"name":"loadInvestmentData","decl":{"start":{"line":11,"column":16},"end":{"line":11,"column":34}},"loc":{"start":{"line":11,"column":47},"end":{"line":16,"column":1}},"line":11},"1":{"name":"loadingInvestmentData","decl":{"start":{"line":22,"column":16},"end":{"line":22,"column":37}},"loc":{"start":{"line":22,"column":40},"end":{"line":29,"column":1}},"line":22},"2":{"name":"loadInvestmentDataSuccess","decl":{"start":{"line":36,"column":16},"end":{"line":36,"column":41}},"loc":{"start":{"line":36,"column":58},"end":{"line":41,"column":1}},"line":36},"3":{"name":"loadInvestmentDataFailed","decl":{"start":{"line":47,"column":16},"end":{"line":47,"column":40}},"loc":{"start":{"line":47,"column":43},"end":{"line":54,"column":1}},"line":47}},"branchMap":{},"s":{"0":1,"1":1,"2":1,"3":1},"f":{"0":1,"1":1,"2":1,"3":1},"b":{},"_coverageSchema":"332fd63041d2c1bcb487cc26dd0d5f7d97098a6c","hash":"f80c518c6a0fb510b63a74c78c8a8fc4134903e6"}
,"C:\\E\\Unorganized\\InvestmentDashboard\\InvestmentDashboardFrontend\\src\\components\\investmentTable\\InvestmentTable.js": {"path":"C:\\E\\Unorganized\\InvestmentDashboard\\InvestmentDashboardFrontend\\src\\components\\investmentTable\\InvestmentTable.js","statementMap":{"0":{"start":{"line":21,"column":4},"end":{"line":21,"column":49}},"1":{"start":{"line":25,"column":35},"end":{"line":25,"column":45}},"2":{"start":{"line":26,"column":20},"end":{"line":49,"column":5}},"3":{"start":{"line":33,"column":10},"end":{"line":33,"column":56}},"4":{"start":{"line":40,"column":10},"end":{"line":46,"column":12}},"5":{"start":{"line":50,"column":4},"end":{"line":66,"column":6}},"6":{"start":{"line":70,"column":0},"end":{"line":75,"column":2}}},"fnMap":{"0":{"name":"(anonymous_0)","decl":{"start":{"line":20,"column":22},"end":{"line":20,"column":23}},"loc":{"start":{"line":20,"column":41},"end":{"line":22,"column":3}},"line":20},"1":{"name":"(anonymous_1)","decl":{"start":{"line":24,"column":2},"end":{"line":24,"column":3}},"loc":{"start":{"line":24,"column":11},"end":{"line":67,"column":3}},"line":24},"2":{"name":"(anonymous_2)","decl":{"start":{"line":32,"column":14},"end":{"line":32,"column":15}},"loc":{"start":{"line":32,"column":21},"end":{"line":34,"column":9}},"line":32},"3":{"name":"(anonymous_3)","decl":{"start":{"line":39,"column":14},"end":{"line":39,"column":15}},"loc":{"start":{"line":39,"column":21},"end":{"line":47,"column":9}},"line":39}},"branchMap":{"0":{"loc":{"start":{"line":42,"column":35},"end":{"line":42,"column":75}},"type":"cond-expr","locations":[{"start":{"line":42,"column":54},"end":{"line":42,"column":63}},{"start":{"line":42,"column":66},"end":{"line":42,"column":75}}],"line":42}},"s":{"0":2,"1":2,"2":2,"3":4,"4":4,"5":2,"6":2},"f":{"0":2,"1":2,"2":4,"3":4},"b":{"0":[4,0]},"_coverageSchema":"332fd63041d2c1bcb487cc26dd0d5f7d97098a6c","hash":"f2d0e233b3db00317da0f59c11edc9b9da457546"}
,"C:\\E\\Unorganized\\InvestmentDashboard\\InvestmentDashboardFrontend\\src\\components\\navbar\\NavBar.js": {"path":"C:\\E\\Unorganized\\InvestmentDashboard\\InvestmentDashboardFrontend\\src\\components\\navbar\\NavBar.js","statementMap":{"0":{"start":{"line":1,"column":0},"end":{"line":null,"column":-1}},"1":{"start":{"line":2,"column":0},"end":{"line":null,"column":-1}},"2":{"start":{"line":3,"column":0},"end":{"line":null,"column":-1}},"3":{"start":{"line":4,"column":0},"end":{"line":null,"column":-1}},"4":{"start":{"line":5,"column":0},"end":{"line":null,"column":-1}},"5":{"start":{"line":6,"column":0},"end":{"line":null,"column":-1}},"6":{"start":{"line":7,"column":0},"end":{"line":null,"column":-1}},"7":{"start":{"line":8,"column":0},"end":{"line":null,"column":-1}},"8":{"start":{"line":10,"column":30},"end":{"line":10,"column":0}},"9":{"start":{"line":11,"column":24},"end":{"line":11,"column":0}},"10":{"start":{"line":19,"column":4},"end":{"line":null,"column":-1}},"11":{"start":{"line":18,"column":21},"end":{"line":null,"column":-1}},"12":{"start":{"line":40,"column":4},"end":{"line":null,"column":-1}},"13":{"start":{"line":20,"column":4},"end":{"line":null,"column":-1}},"14":{"start":{"line":23,"column":4},"end":{"line":null,"column":-1}},"15":{"start":{"line":26,"column":4},"end":{"line":null,"column":-1}},"16":{"start":{"line":27,"column":6},"end":{"line":null,"column":-1}},"17":{"start":{"line":44,"column":23},"end":{"line":43,"column":11}},"18":{"start":{"line":45,"column":4},"end":{"line":null,"column":-1}}},"fnMap":{"0":{"name":"(anonymous_0)","decl":{"start":{"line":18,"column":2},"end":{"line":18,"column":12}},"loc":{"start":{"line":18,"column":21},"end":{"line":32,"column":3}}},"1":{"name":"(anonymous_1)","decl":{"start":{"line":39,"column":20},"end":{"line":39,"column":21}},"loc":{"start":{"line":39,"column":41},"end":{"line":18,"column":21}}},"2":{"name":"(anonymous_2)","decl":{"start":{"line":26,"column":43},"end":{"line":26,"column":41}},"loc":{"start":{"line":26,"column":52},"end":{"line":26,"column":27}}},"3":{"name":"(anonymous_3)","decl":{"start":{"line":43,"column":2},"end":{"line":43,"column":7}},"loc":{"start":{"line":43,"column":11},"end":{"line":60,"column":3}}}},"branchMap":{},"s":{"0":0,"1":0,"2":0,"3":0,"4":0,"5":0,"6":0,"7":0,"8":0,"9":0,"10":0,"11":0,"12":0,"13":0,"14":0,"15":0,"16":0,"17":0,"18":0},"f":{"0":0,"1":0,"2":0,"3":0},"b":{}}
,"C:\\E\\Unorganized\\InvestmentDashboard\\InvestmentDashboardFrontend\\src\\components\\shared\\tables\\ColumnReorderableReactTable.js": {"path":"C:\\E\\Unorganized\\InvestmentDashboard\\InvestmentDashboardFrontend\\src\\components\\shared\\tables\\ColumnReorderableReactTable.js","statementMap":{"0":{"start":{"line":7,"column":0},"end":{"line":10,"column":3}},"1":{"start":{"line":18,"column":4},"end":{"line":18,"column":17}},"2":{"start":{"line":19,"column":4},"end":{"line":19,"column":24}},"3":{"start":{"line":20,"column":4},"end":{"line":20,"column":22}},"4":{"start":{"line":21,"column":4},"end":{"line":24,"column":6}},"5":{"start":{"line":28,"column":4},"end":{"line":28,"column":26}},"6":{"start":{"line":32,"column":4},"end":{"line":32,"column":26}},"7":{"start":{"line":39,"column":20},"end":{"line":41,"column":5}},"8":{"start":{"line":43,"column":4},"end":{"line":66,"column":7}},"9":{"start":{"line":44,"column":6},"end":{"line":44,"column":45}},"10":{"start":{"line":45,"column":6},"end":{"line":48,"column":8}},"11":{"start":{"line":46,"column":8},"end":{"line":46,"column":32}},"12":{"start":{"line":47,"column":8},"end":{"line":47,"column":29}},"13":{"start":{"line":50,"column":6},"end":{"line":50,"column":53}},"14":{"start":{"line":50,"column":31},"end":{"line":50,"column":52}},"15":{"start":{"line":52,"column":6},"end":{"line":55,"column":8}},"16":{"start":{"line":53,"column":8},"end":{"line":53,"column":32}},"17":{"start":{"line":54,"column":8},"end":{"line":54,"column":54}},"18":{"start":{"line":54,"column":26},"end":{"line":54,"column":45}},"19":{"start":{"line":57,"column":6},"end":{"line":59,"column":8}},"20":{"start":{"line":58,"column":8},"end":{"line":58,"column":31}},"21":{"start":{"line":61,"column":6},"end":{"line":65,"column":8}},"22":{"start":{"line":62,"column":8},"end":{"line":62,"column":31}},"23":{"start":{"line":63,"column":8},"end":{"line":63,"column":72}},"24":{"start":{"line":64,"column":8},"end":{"line":64,"column":48}},"25":{"start":{"line":75,"column":22},"end":{"line":75,"column":24}},"26":{"start":{"line":76,"column":4},"end":{"line":79,"column":7}},"27":{"start":{"line":77,"column":28},"end":{"line":77,"column":62}},"28":{"start":{"line":78,"column":6},"end":{"line":78,"column":49}},"29":{"start":{"line":80,"column":24},"end":{"line":80,"column":45}},"30":{"start":{"line":81,"column":4},"end":{"line":85,"column":7}},"31":{"start":{"line":89,"column":37},"end":{"line":89,"column":47}},"32":{"start":{"line":90,"column":17},"end":{"line":93,"column":7}},"33":{"start":{"line":90,"column":37},"end":{"line":93,"column":5}},"34":{"start":{"line":94,"column":4},"end":{"line":96,"column":6}},"35":{"start":{"line":95,"column":23},"end":{"line":95,"column":107}},"36":{"start":{"line":98,"column":4},"end":{"line":105,"column":6}},"37":{"start":{"line":109,"column":0},"end":{"line":114,"column":2}}},"fnMap":{"0":{"name":"(anonymous_0)","decl":{"start":{"line":17,"column":2},"end":{"line":17,"column":3}},"loc":{"start":{"line":17,"column":21},"end":{"line":25,"column":3}},"line":17},"1":{"name":"(anonymous_1)","decl":{"start":{"line":27,"column":2},"end":{"line":27,"column":3}},"loc":{"start":{"line":27,"column":22},"end":{"line":29,"column":3}},"line":27},"2":{"name":"(anonymous_2)","decl":{"start":{"line":31,"column":2},"end":{"line":31,"column":3}},"loc":{"start":{"line":31,"column":23},"end":{"line":33,"column":3}},"line":31},"3":{"name":"(anonymous_3)","decl":{"start":{"line":38,"column":2},"end":{"line":38,"column":3}},"loc":{"start":{"line":38,"column":19},"end":{"line":67,"column":3}},"line":38},"4":{"name":"(anonymous_4)","decl":{"start":{"line":43,"column":20},"end":{"line":43,"column":21}},"loc":{"start":{"line":43,"column":39},"end":{"line":66,"column":5}},"line":43},"5":{"name":"(anonymous_5)","decl":{"start":{"line":45,"column":27},"end":{"line":45,"column":28}},"loc":{"start":{"line":45,"column":36},"end":{"line":48,"column":7}},"line":45},"6":{"name":"(anonymous_6)","decl":{"start":{"line":50,"column":22},"end":{"line":50,"column":23}},"loc":{"start":{"line":50,"column":31},"end":{"line":50,"column":52}},"line":50},"7":{"name":"(anonymous_7)","decl":{"start":{"line":52,"column":25},"end":{"line":52,"column":26}},"loc":{"start":{"line":52,"column":34},"end":{"line":55,"column":7}},"line":52},"8":{"name":"(anonymous_8)","decl":{"start":{"line":54,"column":19},"end":{"line":54,"column":20}},"loc":{"start":{"line":54,"column":26},"end":{"line":54,"column":45}},"line":54},"9":{"name":"(anonymous_9)","decl":{"start":{"line":57,"column":26},"end":{"line":57,"column":27}},"loc":{"start":{"line":57,"column":35},"end":{"line":59,"column":7}},"line":57},"10":{"name":"(anonymous_10)","decl":{"start":{"line":61,"column":22},"end":{"line":61,"column":23}},"loc":{"start":{"line":61,"column":31},"end":{"line":65,"column":7}},"line":61},"11":{"name":"(anonymous_11)","decl":{"start":{"line":74,"column":2},"end":{"line":74,"column":3}},"loc":{"start":{"line":74,"column":31},"end":{"line":86,"column":3}},"line":74},"12":{"name":"(anonymous_12)","decl":{"start":{"line":76,"column":35},"end":{"line":76,"column":36}},"loc":{"start":{"line":76,"column":51},"end":{"line":79,"column":5}},"line":76},"13":{"name":"(anonymous_13)","decl":{"start":{"line":88,"column":2},"end":{"line":88,"column":3}},"loc":{"start":{"line":88,"column":11},"end":{"line":106,"column":3}},"line":88},"14":{"name":"(anonymous_14)","decl":{"start":{"line":90,"column":29},"end":{"line":90,"column":30}},"loc":{"start":{"line":90,"column":37},"end":{"line":93,"column":5}},"line":90},"15":{"name":"(anonymous_15)","decl":{"start":{"line":95,"column":6},"end":{"line":95,"column":7}},"loc":{"start":{"line":95,"column":23},"end":{"line":95,"column":107}},"line":95}},"branchMap":{"0":{"loc":{"start":{"line":77,"column":28},"end":{"line":77,"column":62}},"type":"cond-expr","locations":[{"start":{"line":77,"column":48},"end":{"line":77,"column":54}},{"start":{"line":77,"column":57},"end":{"line":77,"column":62}}],"line":77}},"s":{"0":3,"1":3,"2":3,"3":3,"4":3,"5":3,"6":0,"7":3,"8":3,"9":0,"10":0,"11":0,"12":0,"13":0,"14":0,"15":0,"16":0,"17":0,"18":0,"19":0,"20":0,"21":0,"22":0,"23":0,"24":0,"25":3,"26":3,"27":0,"28":0,"29":3,"30":3,"31":3,"32":3,"33":12,"34":3,"35":0,"36":3,"37":3},"f":{"0":3,"1":3,"2":0,"3":3,"4":0,"5":0,"6":0,"7":0,"8":0,"9":0,"10":0,"11":3,"12":0,"13":3,"14":12,"15":0},"b":{"0":[0,0]},"_coverageSchema":"332fd63041d2c1bcb487cc26dd0d5f7d97098a6c","hash":"f70f2081cc5ee0762f9befcd3a7877b143f60c59"}
,"C:\\E\\Unorganized\\InvestmentDashboard\\InvestmentDashboardFrontend\\src\\containers\\aboutContainer\\AboutContainer.js": {"path":"C:\\E\\Unorganized\\InvestmentDashboard\\InvestmentDashboardFrontend\\src\\containers\\aboutContainer\\AboutContainer.js","statementMap":{"0":{"start":{"line":10,"column":23},"end":{"line":58,"column":1}},"1":{"start":{"line":11,"column":2},"end":{"line":57,"column":9}}},"fnMap":{"0":{"name":"(anonymous_0)","decl":{"start":{"line":10,"column":23},"end":{"line":10,"column":24}},"loc":{"start":{"line":11,"column":2},"end":{"line":57,"column":9}},"line":11}},"branchMap":{},"s":{"0":1,"1":1},"f":{"0":1},"b":{},"_coverageSchema":"332fd63041d2c1bcb487cc26dd0d5f7d97098a6c","hash":"8356d0b24301b8aed60c280db1c22cb74ba26015"}
,"C:\\E\\Unorganized\\InvestmentDashboard\\InvestmentDashboardFrontend\\src\\containers\\investmentsContainer\\InvestmentsContainer.js": {"path":"C:\\E\\Unorganized\\InvestmentDashboard\\InvestmentDashboardFrontend\\src\\containers\\investmentsContainer\\InvestmentsContainer.js","statementMap":{"0":{"start":{"line":14,"column":4},"end":{"line":19,"column":6}},"1":{"start":{"line":27,"column":4},"end":{"line":27,"column":68}},"2":{"start":{"line":32,"column":22},"end":{"line":32,"column":27}},"3":{"start":{"line":33,"column":2},"end":{"line":33,"column":23}},"4":{"start":{"line":37,"column":2},"end":{"line":39,"column":4}},"5":{"start":{"line":42,"column":0},"end":{"line":44,"column":2}}},"fnMap":{"0":{"name":"(anonymous_0)","decl":{"start":{"line":13,"column":2},"end":{"line":13,"column":3}},"loc":{"start":{"line":13,"column":11},"end":{"line":20,"column":3}},"line":13},"1":{"name":"(anonymous_1)","decl":{"start":{"line":26,"column":23},"end":{"line":26,"column":24}},"loc":{"start":{"line":26,"column":39},"end":{"line":28,"column":3}},"line":26},"2":{"name":"mapStateToProps","decl":{"start":{"line":31,"column":9},"end":{"line":31,"column":24}},"loc":{"start":{"line":31,"column":32},"end":{"line":34,"column":1}},"line":31},"3":{"name":"mapDispatchToProps","decl":{"start":{"line":36,"column":9},"end":{"line":36,"column":27}},"loc":{"start":{"line":36,"column":38},"end":{"line":40,"column":1}},"line":36}},"branchMap":{},"s":{"0":1,"1":1,"2":0,"3":0,"4":0,"5":1},"f":{"0":1,"1":1,"2":0,"3":0},"b":{},"_coverageSchema":"332fd63041d2c1bcb487cc26dd0d5f7d97098a6c","hash":"d760edcc243f126436149eefe0a4f22bd0d3ae60"}
,"C:\\E\\Unorganized\\InvestmentDashboard\\InvestmentDashboardFrontend\\src\\reducers\\index.js": {"path":"C:\\E\\Unorganized\\InvestmentDashboard\\InvestmentDashboardFrontend\\src\\reducers\\index.js","statementMap":{"0":{"start":{"line":1,"column":0},"end":{"line":null,"column":-1}},"1":{"start":{"line":2,"column":0},"end":{"line":null,"column":-1}},"2":{"start":{"line":3,"column":0},"end":{"line":null,"column":-1}},"3":{"start":{"line":9,"column":21},"end":{"line":9,"column":0}},"4":{"start":{"line":9,"column":33},"end":{"line":9,"column":0}}},"fnMap":{"0":{"name":"(anonymous_0)","decl":{"start":{"line":9,"column":21},"end":{"line":9,"column":19}},"loc":{"start":{"line":9,"column":33},"end":{"line":9,"column":0}}}},"branchMap":{},"s":{"0":0,"1":0,"2":0,"3":0,"4":0},"f":{"0":0},"b":{}}
,"C:\\E\\Unorganized\\InvestmentDashboard\\InvestmentDashboardFrontend\\src\\reducers\\investmentsReducer.js": {"path":"C:\\E\\Unorganized\\InvestmentDashboard\\InvestmentDashboardFrontend\\src\\reducers\\investmentsReducer.js","statementMap":{"0":{"start":{"line":3,"column":21},"end":{"line":7,"column":1}},"1":{"start":{"line":16,"column":2},"end":{"line":25,"column":3}},"2":{"start":{"line":18,"column":6},"end":{"line":18,"column":45}},"3":{"start":{"line":20,"column":6},"end":{"line":20,"column":45}},"4":{"start":{"line":22,"column":6},"end":{"line":22,"column":45}},"5":{"start":{"line":24,"column":6},"end":{"line":24,"column":19}}},"fnMap":{"0":{"name":"investmentsReducer","decl":{"start":{"line":15,"column":9},"end":{"line":15,"column":27}},"loc":{"start":{"line":15,"column":58},"end":{"line":26,"column":1}},"line":15}},"branchMap":{"0":{"loc":{"start":{"line":15,"column":28},"end":{"line":15,"column":48}},"type":"default-arg","locations":[{"start":{"line":15,"column":36},"end":{"line":15,"column":48}}],"line":15},"1":{"loc":{"start":{"line":16,"column":2},"end":{"line":25,"column":3}},"type":"switch","locations":[{"start":{"line":17,"column":4},"end":{"line":18,"column":45}},{"start":{"line":19,"column":4},"end":{"line":20,"column":45}},{"start":{"line":21,"column":4},"end":{"line":22,"column":45}},{"start":{"line":23,"column":4},"end":{"line":24,"column":19}}],"line":16}},"s":{"0":1,"1":4,"2":1,"3":1,"4":1,"5":1},"f":{"0":4},"b":{"0":[1],"1":[1,1,1,1]},"_coverageSchema":"332fd63041d2c1bcb487cc26dd0d5f7d97098a6c","hash":"1a48c015a2a9e2df4d510b7c3f718d3d44102050"}
,"C:\\E\\Unorganized\\InvestmentDashboard\\InvestmentDashboardFrontend\\src\\routes\\index.js": {"path":"C:\\E\\Unorganized\\InvestmentDashboard\\InvestmentDashboardFrontend\\src\\routes\\index.js","statementMap":{"0":{"start":{"line":1,"column":0},"end":{"line":null,"column":-1}},"1":{"start":{"line":2,"column":0},"end":{"line":null,"column":-1}},"2":{"start":{"line":3,"column":0},"end":{"line":null,"column":-1}},"3":{"start":{"line":4,"column":0},"end":{"line":null,"column":-1}},"4":{"start":{"line":5,"column":0},"end":{"line":null,"column":-1}},"5":{"start":{"line":11,"column":2},"end":{"line":10,"column":0}}},"fnMap":{},"branchMap":{},"s":{"0":0,"1":0,"2":0,"3":0,"4":0,"5":0},"f":{},"b":{}}
,"C:\\E\\Unorganized\\InvestmentDashboard\\InvestmentDashboardFrontend\\src\\sagas\\index.js": {"path":"C:\\E\\Unorganized\\InvestmentDashboard\\InvestmentDashboardFrontend\\src\\sagas\\index.js","statementMap":{"0":{"start":{"line":1,"column":0},"end":{"line":null,"column":-1}},"1":{"start":{"line":7,"column":2},"end":{"line":null,"column":-1}}},"fnMap":{"0":{"name":"rootSaga","decl":{"start":{"line":6,"column":25},"end":{"line":6,"column":15}},"loc":{"start":{"line":6,"column":36},"end":{"line":10,"column":1}}}},"branchMap":{},"s":{"0":0,"1":0},"f":{"0":0},"b":{}}
,"C:\\E\\Unorganized\\InvestmentDashboard\\InvestmentDashboardFrontend\\src\\sagas\\investmentSaga.js": {"path":"C:\\E\\Unorganized\\InvestmentDashboard\\InvestmentDashboardFrontend\\src\\sagas\\investmentSaga.js","statementMap":{"0":{"start":{"line":1,"column":0},"end":{"line":null,"column":-1}},"1":{"start":{"line":2,"column":0},"end":{"line":null,"column":-1}},"2":{"start":{"line":3,"column":0},"end":{"line":null,"column":-1}},"3":{"start":{"line":4,"column":0},"end":{"line":null,"column":-1}},"4":{"start":{"line":14,"column":2},"end":{"line":20,"column":3}},"5":{"start":{"line":15,"column":4},"end":{"line":null,"column":-1}},"6":{"start":{"line":16,"column":27},"end":{"line":16,"column":4}},"7":{"start":{"line":17,"column":4},"end":{"line":null,"column":-1}},"8":{"start":{"line":19,"column":4},"end":{"line":null,"column":-1}},"9":{"start":{"line":27,"column":2},"end":{"line":null,"column":-1}}},"fnMap":{"0":{"name":"loadInvestmentData","decl":{"start":{"line":13,"column":17},"end":{"line":13,"column":7}},"loc":{"start":{"line":13,"column":44},"end":{"line":21,"column":1}}},"1":{"name":"investmentDataSaga","decl":{"start":{"line":26,"column":17},"end":{"line":26,"column":7}},"loc":{"start":{"line":26,"column":38},"end":{"line":28,"column":1}}}},"branchMap":{},"s":{"0":0,"1":0,"2":0,"3":0,"4":0,"5":0,"6":0,"7":0,"8":0,"9":0},"f":{"0":0,"1":0},"b":{}}
,"C:\\E\\Unorganized\\InvestmentDashboard\\InvestmentDashboardFrontend\\src\\services\\Api.js": {"path":"C:\\E\\Unorganized\\InvestmentDashboard\\InvestmentDashboardFrontend\\src\\services\\Api.js","statementMap":{"0":{"start":{"line":1,"column":0},"end":{"line":null,"column":-1}},"1":{"start":{"line":9,"column":21},"end":{"line":9,"column":2}},"2":{"start":{"line":12,"column":15},"end":{"line":12,"column":2}},"3":{"start":{"line":16,"column":2},"end":{"line":null,"column":-1}},"4":{"start":{"line":26,"column":2},"end":{"line":null,"column":-1}},"5":{"start":{"line":27,"column":4},"end":{"line":null,"column":-1}},"6":{"start":{"line":29,"column":8},"end":{"line":31,"column":9}},"7":{"start":{"line":30,"column":10},"end":{"line":null,"column":-1}},"8":{"start":{"line":32,"column":8},"end":{"line":null,"column":-1}},"9":{"start":{"line":35,"column":8},"end":{"line":null,"column":-1}},"10":{"start":{"line":38,"column":8},"end":{"line":52,"column":9}},"11":{"start":{"line":39,"column":10},"end":{"line":49,"column":11}},"12":{"start":{"line":40,"column":12},"end":{"line":null,"column":-1}},"13":{"start":{"line":45,"column":12},"end":{"line":null,"column":-1}},"14":{"start":{"line":51,"column":10},"end":{"line":null,"column":-1}},"15":{"start":{"line":55,"column":27},"end":{"line":55,"column":8}},"16":{"start":{"line":56,"column":8},"end":{"line":58,"column":9}},"17":{"start":{"line":57,"column":10},"end":{"line":null,"column":-1}},"18":{"start":{"line":59,"column":8},"end":{"line":null,"column":-1}}},"fnMap":{"0":{"name":"invokeJsonGet","decl":{"start":{"line":8,"column":16},"end":{"line":8,"column":7}},"loc":{"start":{"line":8,"column":35},"end":{"line":17,"column":1}}},"1":{"name":"invokeApi","decl":{"start":{"line":25,"column":16},"end":{"line":25,"column":7}},"loc":{"start":{"line":25,"column":37},"end":{"line":65,"column":1}}},"2":{"name":"(anonymous_2)","decl":{"start":{"line":26,"column":21},"end":{"line":26,"column":22}},"loc":{"start":{"line":26,"column":42},"end":{"line":26,"column":9}}},"3":{"name":"(anonymous_3)","decl":{"start":{"line":28,"column":12},"end":{"line":28,"column":19}},"loc":{"start":{"line":28,"column":24},"end":{"line":27,"column":4}}},"4":{"name":"(anonymous_4)","decl":{"start":{"line":34,"column":12},"end":{"line":34,"column":19}},"loc":{"start":{"line":34,"column":24},"end":{"line":27,"column":4}}},"5":{"name":"(anonymous_5)","decl":{"start":{"line":37,"column":12},"end":{"line":37,"column":15}},"loc":{"start":{"line":37,"column":20},"end":{"line":27,"column":4}}},"6":{"name":"(anonymous_6)","decl":{"start":{"line":54,"column":13},"end":{"line":54,"column":17}},"loc":{"start":{"line":54,"column":22},"end":{"line":27,"column":4}}}},"branchMap":{"0":{"loc":{"start":{"line":29,"column":8},"end":{"line":31,"column":9}},"type":"if","locations":[{"start":{"line":29,"column":8},"end":{"line":31,"column":9}},{"start":{"line":29,"column":8},"end":{"line":31,"column":9}}]},"1":{"loc":{"start":{"line":38,"column":8},"end":{"line":52,"column":9}},"type":"if","locations":[{"start":{"line":38,"column":8},"end":{"line":52,"column":9}},{"start":{"line":38,"column":8},"end":{"line":52,"column":9}}]},"2":{"loc":{"start":{"line":39,"column":10},"end":{"line":49,"column":11}},"type":"if","locations":[{"start":{"line":39,"column":10},"end":{"line":49,"column":11}},{"start":{"line":39,"column":10},"end":{"line":49,"column":11}}]},"3":{"loc":{"start":{"line":56,"column":8},"end":{"line":58,"column":9}},"type":"if","locations":[{"start":{"line":56,"column":8},"end":{"line":58,"column":9}},{"start":{"line":56,"column":8},"end":{"line":58,"column":9}}]}},"s":{"0":0,"1":0,"2":0,"3":0,"4":0,"5":0,"6":0,"7":0,"8":0,"9":0,"10":0,"11":0,"12":0,"13":0,"14":0,"15":0,"16":0,"17":0,"18":0},"f":{"0":0,"1":0,"2":0,"3":0,"4":0,"5":0,"6":0},"b":{"0":[0,0],"1":[0,0],"2":[0,0],"3":[0,0]}}
,"C:\\E\\Unorganized\\InvestmentDashboard\\InvestmentDashboardFrontend\\src\\services\\Constants.js": {"path":"C:\\E\\Unorganized\\InvestmentDashboard\\InvestmentDashboardFrontend\\src\\services\\Constants.js","statementMap":{"0":{"start":{"line":1,"column":23},"end":{"line":1,"column":7}},"1":{"start":{"line":4,"column":37},"end":{"line":4,"column":7}},"2":{"start":{"line":7,"column":30},"end":{"line":7,"column":7}},"3":{"start":{"line":8,"column":38},"end":{"line":8,"column":7}},"4":{"start":{"line":10,"column":2},"end":{"line":9,"column":7}}},"fnMap":{},"branchMap":{},"s":{"0":0,"1":0,"2":0,"3":0,"4":0},"f":{},"b":{}}
,"C:\\E\\Unorganized\\InvestmentDashboard\\InvestmentDashboardFrontend\\src\\services\\InvestmentApi.js": {"path":"C:\\E\\Unorganized\\InvestmentDashboard\\InvestmentDashboardFrontend\\src\\services\\InvestmentApi.js","statementMap":{"0":{"start":{"line":1,"column":0},"end":{"line":null,"column":-1}},"1":{"start":{"line":2,"column":0},"end":{"line":null,"column":-1}},"2":{"start":{"line":12,"column":15},"end":{"line":12,"column":2}},"3":{"start":{"line":13,"column":2},"end":{"line":null,"column":-1}}},"fnMap":{"0":{"name":"loadInvestments","decl":{"start":{"line":11,"column":16},"end":{"line":11,"column":7}},"loc":{"start":{"line":11,"column":64},"end":{"line":14,"column":1}}}},"branchMap":{},"s":{"0":0,"1":0,"2":0,"3":0},"f":{"0":0},"b":{}}
}
