TN:
SF:C:\E\Unorganized\InvestmentDashboard\InvestmentDashboardFrontend\src\App.js
FN:9,(anonymous_0)
FNF:1
FNH:0
FNDA:0,(anonymous_0)
DA:1,0
DA:2,0
DA:3,0
DA:9,0
DA:10,0
LF:5
LH:0
BRF:0
BRH:0
end_of_record
TN:
SF:C:\E\Unorganized\InvestmentDashboard\InvestmentDashboardFrontend\src\index.js
FN:37,(anonymous_0)
FNF:1
FNH:0
FNDA:0,(anonymous_0)
DA:1,0
DA:2,0
DA:3,0
DA:4,0
DA:5,0
DA:6,0
DA:7,0
DA:8,0
DA:9,0
DA:10,0
DA:11,0
DA:12,0
DA:14,0
DA:15,0
DA:16,0
DA:17,0
DA:22,0
DA:32,0
DA:37,0
DA:38,0
DA:48,0
LF:21
LH:0
BRDA:15,0,0,0
BRDA:15,0,1,0
BRF:2
BRH:0
end_of_record
TN:
SF:C:\E\Unorganized\InvestmentDashboard\InvestmentDashboardFrontend\src\actions\actionTypes.js
FNF:0
FNH:0
DA:1,3
DA:2,3
DA:3,3
DA:4,3
LF:4
LH:4
BRF:0
BRH:0
end_of_record
TN:
SF:C:\E\Unorganized\InvestmentDashboard\InvestmentDashboardFrontend\src\actions\investmentDataActions.js
FN:11,loadInvestmentData
FN:22,loadingInvestmentData
FN:36,loadInvestmentDataSuccess
FN:47,loadInvestmentDataFailed
FNF:4
FNH:4
FNDA:1,loadInvestmentData
FNDA:1,loadingInvestmentData
FNDA:1,loadInvestmentDataSuccess
FNDA:1,loadInvestmentDataFailed
DA:12,1
DA:23,1
DA:37,1
DA:48,1
LF:4
LH:4
BRF:0
BRH:0
end_of_record
TN:
SF:C:\E\Unorganized\InvestmentDashboard\InvestmentDashboardFrontend\src\components\investmentTable\InvestmentTable.js
FN:20,(anonymous_0)
FN:24,(anonymous_1)
FN:32,(anonymous_2)
FN:39,(anonymous_3)
FNF:4
FNH:4
FNDA:2,(anonymous_0)
FNDA:2,(anonymous_1)
FNDA:4,(anonymous_2)
FNDA:4,(anonymous_3)
DA:21,2
DA:25,2
DA:26,2
DA:33,4
DA:40,4
DA:50,2
DA:70,2
LF:7
LH:7
BRDA:42,0,0,4
BRDA:42,0,1,0
BRF:2
BRH:1
end_of_record
TN:
SF:C:\E\Unorganized\InvestmentDashboard\InvestmentDashboardFrontend\src\components\navbar\NavBar.js
FN:18,(anonymous_0)
FN:39,(anonymous_1)
FN:26,(anonymous_2)
FN:43,(anonymous_3)
FNF:4
FNH:0
FNDA:0,(anonymous_0)
FNDA:0,(anonymous_1)
FNDA:0,(anonymous_2)
FNDA:0,(anonymous_3)
DA:1,0
DA:2,0
DA:3,0
DA:4,0
DA:5,0
DA:6,0
DA:7,0
DA:8,0
DA:10,0
DA:11,0
DA:18,0
DA:19,0
DA:20,0
DA:23,0
DA:26,0
DA:27,0
DA:40,0
DA:44,0
DA:45,0
LF:19
LH:0
BRF:0
BRH:0
end_of_record
TN:
SF:C:\E\Unorganized\InvestmentDashboard\InvestmentDashboardFrontend\src\components\shared\tables\ColumnReorderableReactTable.js
FN:17,(anonymous_0)
FN:27,(anonymous_1)
FN:31,(anonymous_2)
FN:38,(anonymous_3)
FN:43,(anonymous_4)
FN:45,(anonymous_5)
FN:50,(anonymous_6)
FN:52,(anonymous_7)
FN:54,(anonymous_8)
FN:57,(anonymous_9)
FN:61,(anonymous_10)
FN:74,(anonymous_11)
FN:76,(anonymous_12)
FN:88,(anonymous_13)
FN:90,(anonymous_14)
FN:95,(anonymous_15)
FNF:16
FNH:6
FNDA:3,(anonymous_0)
FNDA:3,(anonymous_1)
FNDA:0,(anonymous_2)
FNDA:3,(anonymous_3)
FNDA:0,(anonymous_4)
FNDA:0,(anonymous_5)
FNDA:0,(anonymous_6)
FNDA:0,(anonymous_7)
FNDA:0,(anonymous_8)
FNDA:0,(anonymous_9)
FNDA:0,(anonymous_10)
FNDA:3,(anonymous_11)
FNDA:0,(anonymous_12)
FNDA:3,(anonymous_13)
FNDA:12,(anonymous_14)
FNDA:0,(anonymous_15)
DA:7,3
DA:18,3
DA:19,3
DA:20,3
DA:21,3
DA:28,3
DA:32,0
DA:39,3
DA:43,3
DA:44,0
DA:45,0
DA:46,0
DA:47,0
DA:50,0
DA:52,0
DA:53,0
DA:54,0
DA:57,0
DA:58,0
DA:61,0
DA:62,0
DA:63,0
DA:64,0
DA:75,3
DA:76,3
DA:77,0
DA:78,0
DA:80,3
DA:81,3
DA:89,3
DA:90,12
DA:94,3
DA:95,0
DA:98,3
DA:109,3
LF:35
LH:17
BRDA:77,0,0,0
BRDA:77,0,1,0
BRF:2
BRH:0
end_of_record
TN:
SF:C:\E\Unorganized\InvestmentDashboard\InvestmentDashboardFrontend\src\containers\aboutContainer\AboutContainer.js
FN:10,(anonymous_0)
FNF:1
FNH:1
FNDA:1,(anonymous_0)
DA:10,1
DA:11,1
LF:2
LH:2
BRF:0
BRH:0
end_of_record
TN:
SF:C:\E\Unorganized\InvestmentDashboard\InvestmentDashboardFrontend\src\containers\investmentsContainer\InvestmentsContainer.js
FN:13,(anonymous_0)
FN:26,(anonymous_1)
FN:31,mapStateToProps
FN:36,mapDispatchToProps
FNF:4
FNH:2
FNDA:1,(anonymous_0)
FNDA:1,(anonymous_1)
FNDA:0,mapStateToProps
FNDA:0,mapDispatchToProps
DA:14,1
DA:27,1
DA:32,0
DA:33,0
DA:37,0
DA:42,1
LF:6
LH:3
BRF:0
BRH:0
end_of_record
TN:
SF:C:\E\Unorganized\InvestmentDashboard\InvestmentDashboardFrontend\src\reducers\index.js
FN:9,(anonymous_0)
FNF:1
FNH:0
FNDA:0,(anonymous_0)
DA:1,0
DA:2,0
DA:3,0
DA:9,0
LF:4
LH:0
BRF:0
BRH:0
end_of_record
TN:
SF:C:\E\Unorganized\InvestmentDashboard\InvestmentDashboardFrontend\src\reducers\investmentsReducer.js
FN:15,investmentsReducer
FNF:1
FNH:1
FNDA:4,investmentsReducer
DA:3,1
DA:16,4
DA:18,1
DA:20,1
DA:22,1
DA:24,1
LF:6
LH:6
BRDA:15,0,0,1
BRDA:16,1,0,1
BRDA:16,1,1,1
BRDA:16,1,2,1
BRDA:16,1,3,1
BRF:5
BRH:5
end_of_record
TN:
SF:C:\E\Unorganized\InvestmentDashboard\InvestmentDashboardFrontend\src\routes\index.js
FNF:0
FNH:0
DA:1,0
DA:2,0
DA:3,0
DA:4,0
DA:5,0
DA:11,0
LF:6
LH:0
BRF:0
BRH:0
end_of_record
TN:
SF:C:\E\Unorganized\InvestmentDashboard\InvestmentDashboardFrontend\src\sagas\index.js
FN:6,rootSaga
FNF:1
FNH:0
FNDA:0,rootSaga
DA:1,0
DA:7,0
LF:2
LH:0
BRF:0
BRH:0
end_of_record
TN:
SF:C:\E\Unorganized\InvestmentDashboard\InvestmentDashboardFrontend\src\sagas\investmentSaga.js
FN:13,loadInvestmentData
FN:26,investmentDataSaga
FNF:2
FNH:0
FNDA:0,loadInvestmentData
FNDA:0,investmentDataSaga
DA:1,0
DA:2,0
DA:3,0
DA:4,0
DA:14,0
DA:15,0
DA:16,0
DA:17,0
DA:19,0
DA:27,0
LF:10
LH:0
BRF:0
BRH:0
end_of_record
TN:
SF:C:\E\Unorganized\InvestmentDashboard\InvestmentDashboardFrontend\src\services\Api.js
FN:8,invokeJsonGet
FN:25,invokeApi
FN:26,(anonymous_2)
FN:28,(anonymous_3)
FN:34,(anonymous_4)
FN:37,(anonymous_5)
FN:54,(anonymous_6)
FNF:7
FNH:0
FNDA:0,invokeJsonGet
FNDA:0,invokeApi
FNDA:0,(anonymous_2)
FNDA:0,(anonymous_3)
FNDA:0,(anonymous_4)
FNDA:0,(anonymous_5)
FNDA:0,(anonymous_6)
DA:1,0
DA:9,0
DA:12,0
DA:16,0
DA:26,0
DA:27,0
DA:29,0
DA:30,0
DA:32,0
DA:35,0
DA:38,0
DA:39,0
DA:40,0
DA:45,0
DA:51,0
DA:55,0
DA:56,0
DA:57,0
DA:59,0
LF:19
LH:0
BRDA:29,0,0,0
BRDA:29,0,1,0
BRDA:38,1,0,0
BRDA:38,1,1,0
BRDA:39,2,0,0
BRDA:39,2,1,0
BRDA:56,3,0,0
BRDA:56,3,1,0
BRF:8
BRH:0
end_of_record
TN:
SF:C:\E\Unorganized\InvestmentDashboard\InvestmentDashboardFrontend\src\services\Constants.js
FNF:0
FNH:0
DA:1,0
DA:4,0
DA:7,0
DA:8,0
DA:10,0
LF:5
LH:0
BRF:0
BRH:0
end_of_record
TN:
SF:C:\E\Unorganized\InvestmentDashboard\InvestmentDashboardFrontend\src\services\InvestmentApi.js
FN:11,loadInvestments
FNF:1
FNH:0
FNDA:0,loadInvestments
DA:1,0
DA:2,0
DA:12,0
DA:13,0
LF:4
LH:0
BRF:0
BRH:0
end_of_record
